#
# There is insufficient memory for the Java Runtime Environment to continue.
# Native memory allocation (malloc) failed to allocate 32744 bytes for ChunkPool::allocate
# Possible reasons:
#   The system is out of physical RAM or swap space
#   In 32 bit mode, the process size limit was hit
# Possible solutions:
#   Reduce memory load on the system
#   Increase physical memory or swap space
#   Check if swap backing store is full
#   Use 64 bit Java on a 64 bit OS
#   Decrease Java heap size (-Xmx/-Xms)
#   Decrease number of Java threads
#   Decrease Java thread stack sizes (-Xss)
#   Set larger code cache with -XX:ReservedCodeCacheSize=
# This output file may be truncated or incomplete.
#
#  Out of Memory Error (allocation.cpp:273), pid=33852, tid=0x0000000000007ba8
#
# JRE version: Java(TM) SE Runtime Environment (8.0_121-b13) (build 1.8.0_121-b13)
# Java VM: Java HotSpot(TM) 64-Bit Server VM (25.121-b13 mixed mode windows-amd64 compressed oops)
# Failed to write core dump. Minidumps are not enabled by default on client versions of Windows
#

---------------  T H R E A D  ---------------

Current thread (0x0000000002885800):  JavaThread "main" [_thread_in_vm, id=31656, stack(0x0000000002770000,0x0000000002870000)]

Stack: [0x0000000002770000,0x0000000002870000]
[error occurred during error reporting (printing stack bounds), id 0xc0000005]

Native frames: (J=compiled Java code, j=interpreted, Vv=VM code, C=native code)

Java frames: (J=compiled Java code, j=interpreted, Vv=VM code)
J 682  java.lang.Class.forName0(Ljava/lang/String;ZLjava/lang/ClassLoader;Ljava/lang/Class;)Ljava/lang/Class; (0 bytes) @ 0x0000000002b9e387 [0x0000000002b9e300+0x87]
J 757 C1 java.lang.Class.forName(Ljava/lang/String;ZLjava/lang/ClassLoader;)Ljava/lang/Class; (53 bytes) @ 0x0000000002bbfeec [0x0000000002bbfdc0+0x12c]
j  org.springframework.cglib.core.ReflectUtils.defineClass(Ljava/lang/String;[BLjava/lang/ClassLoader;Ljava/security/ProtectionDomain;Ljava/lang/Class;)Ljava/lang/Class;+254
j  org.springframework.cglib.core.AbstractClassGenerator.generate(Lorg/springframework/cglib/core/AbstractClassGenerator$ClassLoaderData;)Ljava/lang/Class;+184
j  org.springframework.cglib.core.AbstractClassGenerator$ClassLoaderData$3.apply(Lorg/springframework/cglib/core/AbstractClassGenerator;)Ljava/lang/Object;+5
j  org.springframework.cglib.core.AbstractClassGenerator$ClassLoaderData$3.apply(Ljava/lang/Object;)Ljava/lang/Object;+5
j  org.springframework.cglib.core.internal.LoadingCache$2.call()Ljava/lang/Object;+11
j  java.util.concurrent.FutureTask.run()V+42
j  org.springframework.cglib.core.internal.LoadingCache.createEntry(Ljava/lang/Object;Ljava/lang/Object;Ljava/lang/Object;)Ljava/lang/Object;+58
j  org.springframework.cglib.core.internal.LoadingCache.get(Ljava/lang/Object;)Ljava/lang/Object;+39
j  org.springframework.cglib.core.AbstractClassGenerator$ClassLoaderData.get(Lorg/springframework/cglib/core/AbstractClassGenerator;Z)Ljava/lang/Object;+15
j  org.springframework.cglib.core.AbstractClassGenerator.create(Ljava/lang/Object;)Ljava/lang/Object;+115
j  org.springframework.cglib.reflect.FastClass$Generator.create()Lorg/springframework/cglib/reflect/FastClass;+19
j  org.springframework.cglib.proxy.MethodProxy.helper(Lorg/springframework/cglib/proxy/MethodProxy$CreateInfo;Ljava/lang/Class;)Lorg/springframework/cglib/reflect/FastClass;+54
j  org.springframework.cglib.proxy.MethodProxy.init()V+53
j  org.springframework.cglib.proxy.MethodProxy.invokeSuper(Ljava/lang/Object;[Ljava/lang/Object;)Ljava/lang/Object;+1
j  org.springframework.context.annotation.ConfigurationClassEnhancer$BeanMethodInterceptor.intercept(Ljava/lang/Object;Ljava/lang/reflect/Method;[Ljava/lang/Object;Lorg/springframework/cglib/proxy/MethodProxy;)Ljava/lang/Object;+207
j  org.springframework.boot.autoconfigure.orm.jpa.JpaBaseConfiguration$JpaWebConfiguration$JpaWebMvcConfiguration$$EnhancerBySpringCGLIB$$191605e4.openEntityManagerInViewInterceptor()Lorg/springframework/orm/jpa/support/OpenEntityManagerInViewInterceptor;+31
v  ~StubRoutines::call_stub
J 1664  sun.reflect.NativeMethodAccessorImpl.invoke0(Ljava/lang/reflect/Method;Ljava/lang/Object;[Ljava/lang/Object;)Ljava/lang/Object; (0 bytes) @ 0x0000000002d3c07f [0x0000000002d3c000+0x7f]
J 1531 C1 sun.reflect.NativeMethodAccessorImpl.invoke(Ljava/lang/Object;[Ljava/lang/Object;)Ljava/lang/Object; (104 bytes) @ 0x0000000002ce8e1c [0x0000000002ce8aa0+0x37c]
J 1501 C1 sun.reflect.DelegatingMethodAccessorImpl.invoke(Ljava/lang/Object;[Ljava/lang/Object;)Ljava/lang/Object; (10 bytes) @ 0x0000000002cd00e4 [0x0000000002cd00a0+0x44]
J 1500 C1 java.lang.reflect.Method.invoke(Ljava/lang/Object;[Ljava/lang/Object;)Ljava/lang/Object; (62 bytes) @ 0x0000000002ccf154 [0x0000000002ccf060+0xf4]
j  org.springframework.beans.factory.support.SimpleInstantiationStrategy.instantiate(Lorg/springframework/beans/factory/support/RootBeanDefinition;Ljava/lang/String;Lorg/springframework/beans/factory/BeanFactory;Ljava/lang/Object;Ljava/lang/reflect/Method;[Ljava/lang/Object;)Ljava/lang/Object;+50
j  org.springframework.beans.factory.support.ConstructorResolver.instantiate(Ljava/lang/String;Lorg/springframework/beans/factory/support/RootBeanDefinition;Ljava/lang/Object;Ljava/lang/reflect/Method;[Ljava/lang/Object;)Ljava/lang/Object;+48
j  org.springframework.beans.factory.support.ConstructorResolver.instantiateUsingFactoryMethod(Ljava/lang/String;Lorg/springframework/beans/factory/support/RootBeanDefinition;[Ljava/lang/Object;)Lorg/springframework/beans/BeanWrapper;+439
j  org.springframework.beans.factory.support.AbstractAutowireCapableBeanFactory.instantiateUsingFactoryMethod(Ljava/lang/String;Lorg/springframework/beans/factory/support/RootBeanDefinition;[Ljava/lang/Object;)Lorg/springframework/beans/BeanWrapper;+11
j  org.springframework.beans.factory.support.AbstractAutowireCapableBeanFactory.createBeanInstance(Ljava/lang/String;Lorg/springframework/beans/factory/support/RootBeanDefinition;[Ljava/lang/Object;)Lorg/springframework/beans/BeanWrapper;+101
j  org.springframework.beans.factory.support.AbstractAutowireCapableBeanFactory.doCreateBean(Ljava/lang/String;Lorg/springframework/beans/factory/support/RootBeanDefinition;[Ljava/lang/Object;)Ljava/lang/Object;+34
j  org.springframework.beans.factory.support.AbstractAutowireCapableBeanFactory.createBean(Ljava/lang/String;Lorg/springframework/beans/factory/support/RootBeanDefinition;[Ljava/lang/Object;)Ljava/lang/Object;+169
j  org.springframework.beans.factory.support.AbstractBeanFactory.lambda$doGetBean$0(Ljava/lang/String;Lorg/springframework/beans/factory/support/RootBeanDefinition;[Ljava/lang/Object;)Ljava/lang/Object;+4
j  org.springframework.beans.factory.support.AbstractBeanFactory$$Lambda$123.getObject()Ljava/lang/Object;+16
j  org.springframework.beans.factory.support.DefaultSingletonBeanRegistry.getSingleton(Ljava/lang/String;Lorg/springframework/beans/factory/ObjectFactory;)Ljava/lang/Object;+132
J 2170 C1 org.springframework.beans.factory.support.AbstractBeanFactory.doGetBean(Ljava/lang/String;Ljava/lang/Class;[Ljava/lang/Object;Z)Ljava/lang/Object; (833 bytes) @ 0x0000000002e50ecc [0x0000000002e50900+0x5cc]
J 4108 C1 org.springframework.beans.factory.support.AbstractBeanFactory.getBean(Ljava/lang/String;)Ljava/lang/Object; (9 bytes) @ 0x00000000031ddd0c [0x00000000031ddcc0+0x4c]
j  org.springframework.context.annotation.ConfigurationClassEnhancer$BeanMethodInterceptor.resolveBeanReference(Ljava/lang/reflect/Method;[Ljava/lang/Object;Lorg/springframework/beans/factory/config/ConfigurableBeanFactory;Ljava/lang/String;)Ljava/lang/Object;+116
j  org.springframework.context.annotation.ConfigurationClassEnhancer$BeanMethodInterceptor.intercept(Ljava/lang/Object;Ljava/lang/reflect/Method;[Ljava/lang/Object;Lorg/springframework/cglib/proxy/MethodProxy;)Ljava/lang/Object;+218
j  org.springframework.boot.autoconfigure.orm.jpa.JpaBaseConfiguration$JpaWebConfiguration$JpaWebMvcConfiguration$$EnhancerBySpringCGLIB$$191605e4.openEntityManagerInViewInterceptor()Lorg/springframework/orm/jpa/support/OpenEntityManagerInViewInterceptor;+31
j  org.springframework.boot.autoconfigure.orm.jpa.JpaBaseConfiguration$JpaWebConfiguration$JpaWebMvcConfiguration.addInterceptors(Lorg/springframework/web/servlet/config/annotation/InterceptorRegistry;)V+2
j  org.springframework.web.servlet.config.annotation.WebMvcConfigurerComposite.addInterceptors(Lorg/springframework/web/servlet/config/annotation/InterceptorRegistry;)V+31
j  org.springframework.web.servlet.config.annotation.DelegatingWebMvcConfiguration.addInterceptors(Lorg/springframework/web/servlet/config/annotation/InterceptorRegistry;)V+5
j  org.springframework.web.servlet.config.annotation.WebMvcConfigurationSupport.getInterceptors()[Ljava/lang/Object;+17
j  org.springframework.web.servlet.config.annotation.WebMvcConfigurationSupport.requestMappingHandlerMapping()Lorg/springframework/web/servlet/mvc/method/annotation/RequestMappingHandlerMapping;+12
j  org.springframework.boot.autoconfigure.web.servlet.WebMvcAutoConfiguration$EnableWebMvcConfiguration.requestMappingHandlerMapping()Lorg/springframework/web/servlet/mvc/method/annotation/RequestMappingHandlerMapping;+1
j  org.springframework.boot.autoconfigure.web.servlet.WebMvcAutoConfiguration$EnableWebMvcConfiguration$$EnhancerBySpringCGLIB$$3ac8496c.CGLIB$requestMappingHandlerMapping$7()Lorg/springframework/web/servlet/mvc/method/annotation/RequestMappingHandlerMapping;+1
j  org.springframework.boot.autoconfigure.web.servlet.WebMvcAutoConfiguration$EnableWebMvcConfiguration$$EnhancerBySpringCGLIB$$3ac8496c$$FastClassBySpringCGLIB$$7c0488d3.invoke(ILjava/lang/Object;[Ljava/lang/Object;)Ljava/lang/Object;+355
j  org.springframework.cglib.proxy.MethodProxy.invokeSuper(Ljava/lang/Object;[Ljava/lang/Object;)Ljava/lang/Object;+19
j  org.springframework.context.annotation.ConfigurationClassEnhancer$BeanMethodInterceptor.intercept(Ljava/lang/Object;Ljava/lang/reflect/Method;[Ljava/lang/Object;Lorg/springframework/cglib/proxy/MethodProxy;)Ljava/lang/Object;+207
j  org.springframework.boot.autoconfigure.web.servlet.WebMvcAutoConfiguration$EnableWebMvcConfiguration$$EnhancerBySpringCGLIB$$3ac8496c.requestMappingHandlerMapping()Lorg/springframework/web/servlet/mvc/method/annotation/RequestMappingHandlerMapping;+31
v  ~StubRoutines::call_stub
J 1664  sun.reflect.NativeMethodAccessorImpl.invoke0(Ljava/lang/reflect/Method;Ljava/lang/Object;[Ljava/lang/Object;)Ljava/lang/Object; (0 bytes) @ 0x0000000002d3c07f [0x0000000002d3c000+0x7f]
J 1531 C1 sun.reflect.NativeMethodAccessorImpl.invoke(Ljava/lang/Object;[Ljava/lang/Object;)Ljava/lang/Object; (104 bytes) @ 0x0000000002ce8e1c [0x0000000002ce8aa0+0x37c]
J 1501 C1 sun.reflect.DelegatingMethodAccessorImpl.invoke(Ljava/lang/Object;[Ljava/lang/Object;)Ljava/lang/Object; (10 bytes) @ 0x0000000002cd00e4 [0x0000000002cd00a0+0x44]
J 1500 C1 java.lang.reflect.Method.invoke(Ljava/lang/Object;[Ljava/lang/Object;)Ljava/lang/Object; (62 bytes) @ 0x0000000002ccf154 [0x0000000002ccf060+0xf4]
j  org.springframework.beans.factory.support.SimpleInstantiationStrategy.instantiate(Lorg/springframework/beans/factory/support/RootBeanDefinition;Ljava/lang/String;Lorg/springframework/beans/factory/BeanFactory;Ljava/lang/Object;Ljava/lang/reflect/Method;[Ljava/lang/Object;)Ljava/lang/Object;+50
j  org.springframework.beans.factory.support.ConstructorResolver.instantiate(Ljava/lang/String;Lorg/springframework/beans/factory/support/RootBeanDefinition;Ljava/lang/Object;Ljava/lang/reflect/Method;[Ljava/lang/Object;)Ljava/lang/Object;+48
j  org.springframework.beans.factory.support.ConstructorResolver.instantiateUsingFactoryMethod(Ljava/lang/String;Lorg/springframework/beans/factory/support/RootBeanDefinition;[Ljava/lang/Object;)Lorg/springframework/beans/BeanWrapper;+1479
j  org.springframework.beans.factory.support.AbstractAutowireCapableBeanFactory.instantiateUsingFactoryMethod(Ljava/lang/String;Lorg/springframework/beans/factory/support/RootBeanDefinition;[Ljava/lang/Object;)Lorg/springframework/beans/BeanWrapper;+11
j  org.springframework.beans.factory.support.AbstractAutowireCapableBeanFactory.createBeanInstance(Ljava/lang/String;Lorg/springframework/beans/factory/support/RootBeanDefinition;[Ljava/lang/Object;)Lorg/springframework/beans/BeanWrapper;+101
j  org.springframework.beans.factory.support.AbstractAutowireCapableBeanFactory.doCreateBean(Ljava/lang/String;Lorg/springframework/beans/factory/support/RootBeanDefinition;[Ljava/lang/Object;)Ljava/lang/Object;+34
j  org.springframework.beans.factory.support.AbstractAutowireCapableBeanFactory.createBean(Ljava/lang/String;Lorg/springframework/beans/factory/support/RootBeanDefinition;[Ljava/lang/Object;)Ljava/lang/Object;+169
j  org.springframework.beans.factory.support.AbstractBeanFactory.lambda$doGetBean$0(Ljava/lang/String;Lorg/springframework/beans/factory/support/RootBeanDefinition;[Ljava/lang/Object;)Ljava/lang/Object;+4
j  org.springframework.beans.factory.support.AbstractBeanFactory$$Lambda$123.getObject()Ljava/lang/Object;+16
j  org.springframework.beans.factory.support.DefaultSingletonBeanRegistry.getSingleton(Ljava/lang/String;Lorg/springframework/beans/factory/ObjectFactory;)Ljava/lang/Object;+132
J 2170 C1 org.springframework.beans.factory.support.AbstractBeanFactory.doGetBean(Ljava/lang/String;Ljava/lang/Class;[Ljava/lang/Object;Z)Ljava/lang/Object; (833 bytes) @ 0x0000000002e50ecc [0x0000000002e50900+0x5cc]
J 4108 C1 org.springframework.beans.factory.support.AbstractBeanFactory.getBean(Ljava/lang/String;)Ljava/lang/Object; (9 bytes) @ 0x00000000031ddd0c [0x00000000031ddcc0+0x4c]
j  org.springframework.beans.factory.support.DefaultListableBeanFactory.preInstantiateSingletons()V+248
j  org.springframework.context.support.AbstractApplicationContext.finishBeanFactoryInitialization(Lorg/springframework/beans/factory/config/ConfigurableListableBeanFactory;)V+124
j  org.springframework.context.support.AbstractApplicationContext.refresh()V+54
j  org.springframework.boot.web.servlet.context.ServletWebServerApplicationContext.refresh()V+1
j  org.springframework.boot.SpringApplication.refresh(Lorg/springframework/context/ApplicationContext;)V+10
j  org.springframework.boot.SpringApplication.refreshContext(Lorg/springframework/context/ConfigurableApplicationContext;)V+2
j  org.springframework.boot.SpringApplication.run([Ljava/lang/String;)Lorg/springframework/context/ConfigurableApplicationContext;+118
j  org.springframework.boot.SpringApplication.run([Ljava/lang/Class;[Ljava/lang/String;)Lorg/springframework/context/ConfigurableApplicationContext;+9
j  org.springframework.boot.SpringApplication.run(Ljava/lang/Class;[Ljava/lang/String;)Lorg/springframework/context/ConfigurableApplicationContext;+9
j  com.cg.app.transactionservice.TransactionserviceApplication.main([Ljava/lang/String;)V+3
v  ~StubRoutines::call_stub

---------------  P R O C E S S  ---------------

Java Threads: ( => current thread )
  0x000000001b465800 JavaThread "HikariPool-1 connection adder" daemon [_thread_blocked, id=28176, stack(0x000000001d150000,0x000000001d250000)]
  0x000000001b9d0000 JavaThread "HikariPool-1 housekeeper" daemon [_thread_blocked, id=35792, stack(0x000000001d050000,0x000000001d150000)]
  0x000000001b8e4800 JavaThread "Abandoned connection cleanup thread" daemon [_thread_blocked, id=35372, stack(0x000000001cc50000,0x000000001cd50000)]
  0x000000001b8e2800 JavaThread "container-0" [_thread_blocked, id=24020, stack(0x000000001cb50000,0x000000001cc50000)]
  0x000000001b8e2000 JavaThread "Catalina-utility-1" [_thread_blocked, id=29352, stack(0x000000001ca50000,0x000000001cb50000)]
  0x0000000019718800 JavaThread "JMX server connection timeout 17" daemon [_thread_blocked, id=36724, stack(0x000000001a480000,0x000000001a580000)]
  0x0000000019700000 JavaThread "RMI TCP Connection(2)-127.0.0.1" daemon [_thread_in_native, id=29464, stack(0x000000001a380000,0x000000001a480000)]
  0x00000000196fb800 JavaThread "RMI Scheduler(0)" daemon [_thread_blocked, id=33076, stack(0x000000001a280000,0x000000001a380000)]
  0x00000000196b2000 JavaThread "RMI TCP Connection(1)-127.0.0.1" daemon [_thread_in_native, id=32248, stack(0x000000001a180000,0x000000001a280000)]
  0x000000001967f000 JavaThread "RMI TCP Accept-0" daemon [_thread_in_native, id=27976, stack(0x0000000019e40000,0x0000000019f40000)]
  0x000000001967a000 JavaThread "RMI TCP Accept-57984" daemon [_thread_in_native, id=31604, stack(0x0000000019d40000,0x0000000019e40000)]
  0x000000001966e000 JavaThread "RMI TCP Accept-0" daemon [_thread_in_native, id=22152, stack(0x0000000019c40000,0x0000000019d40000)]
  0x0000000018f61000 JavaThread "Service Thread" daemon [_thread_blocked, id=31316, stack(0x0000000019340000,0x0000000019440000)]
  0x000000001760e000 JavaThread "C1 CompilerThread2" daemon [_thread_in_native, id=31004, stack(0x0000000018e40000,0x0000000018f40000)]
  0x00000000175e6800 JavaThread "C2 CompilerThread1" daemon [_thread_blocked, id=33916, stack(0x0000000018d40000,0x0000000018e40000)]
  0x00000000175e4800 JavaThread "C2 CompilerThread0" daemon [_thread_blocked, id=37172, stack(0x0000000018c40000,0x0000000018d40000)]
  0x00000000175e3000 JavaThread "Attach Listener" daemon [_thread_blocked, id=33944, stack(0x0000000018b40000,0x0000000018c40000)]
  0x00000000175e2000 JavaThread "Signal Dispatcher" daemon [_thread_blocked, id=32856, stack(0x0000000018a40000,0x0000000018b40000)]
  0x00000000175ca800 JavaThread "Finalizer" daemon [_thread_blocked, id=15380, stack(0x0000000018840000,0x0000000018940000)]
  0x00000000175a9000 JavaThread "Reference Handler" daemon [_thread_blocked, id=22792, stack(0x0000000018740000,0x0000000018840000)]
=>0x0000000002885800 JavaThread "main" [_thread_in_vm, id=31656, stack(0x0000000002770000,0x0000000002870000)]

Other Threads:
  0x00000000175a7000 VMThread [stack: 0x0000000018640000,0x0000000018740000] [id=37464]
  0x0000000019688800 WatcherThread [stack: 0x0000000019f40000,0x000000001a040000] [id=37784]

VM state:not at safepoint (normal execution)

VM Mutex/Monitor currently owned by a thread: None

Heap:
 PSYoungGen      total 204288K, used 66247K [0x00000000d5580000, 0x00000000e2e00000, 0x0000000100000000)
  eden space 187392K, 26% used [0x00000000d5580000,0x00000000d85b4960,0x00000000e0c80000)
  from space 16896K, 99% used [0x00000000e0c80000,0x00000000e1cfd3c8,0x00000000e1d00000)
  to   space 14848K, 0% used [0x00000000e1d00000,0x00000000e1d00000,0x00000000e2b80000)
 ParOldGen       total 88064K, used 27226K [0x0000000080000000, 0x0000000085600000, 0x00000000d5580000)
  object space 88064K, 30% used [0x0000000080000000,0x0000000081a96980,0x0000000085600000)
 Metaspace       used 50129K, capacity 52640K, committed 52696K, reserved 1097728K
  class space    used 7161K, capacity 7610K, committed 7640K, reserved 1048576K

Card table byte_map: [0x0000000011d50000,0x0000000012160000] byte_map_base: 0x0000000011950000

Marking Bits: (ParMarkBitMap*) 0x0000000074f5b6d0
 Begin Bits: [0x0000000012810000, 0x0000000014810000)
 End Bits:   [0x0000000014810000, 0x0000000016810000)

Polling page: 0x0000000000ad0000

CodeCache: size=245760Kb used=8615Kb max_used=8615Kb free=237145Kb
 bounds [0x0000000002990000, 0x0000000003200000, 0x0000000011990000]
 total_blobs=4714 nmethods=4192 adapters=435
 compilation: enabled

Compilation events (10 events):
Event: 8.259 Thread 0x000000001760e000 nmethod 4189 0x00000000031f9350 code [0x00000000031f94a0, 0x00000000031f95e8]
Event: 8.276 Thread 0x000000001760e000 4190       1       org.springframework.util.MimeType::getType (5 bytes)
Event: 8.277 Thread 0x000000001760e000 nmethod 4190 0x00000000031f9650 code [0x00000000031f97a0, 0x00000000031f98b0]
Event: 8.277 Thread 0x000000001760e000 4191       1       org.springframework.util.MimeType::getSubtype (5 bytes)
Event: 8.278 Thread 0x000000001760e000 nmethod 4191 0x0000000002ae8990 code [0x0000000002ae8ae0, 0x0000000002ae8bf0]
Event: 8.290 Thread 0x000000001760e000 4192       1       org.springframework.util.MimeType::isWildcardType (10 bytes)
Event: 8.291 Thread 0x000000001760e000 nmethod 4192 0x00000000031f9910 code [0x00000000031f9a60, 0x00000000031f9ba8]
Event: 8.299 Thread 0x000000001760e000 4193       1       java.util.Collections$EmptyMap::hashCode (2 bytes)
Event: 8.299 Thread 0x000000001760e000 nmethod 4193 0x00000000031f9c50 code [0x00000000031f9da0, 0x00000000031f9eb0]
Event: 8.302 Thread 0x000000001760e000 4194   !   1       org.springframework.beans.factory.support.ConstructorResolver::instantiateUsingFactoryMethod (1488 bytes)

GC Heap History (10 events):
Event: 3.345 GC heap before
{Heap before GC invocations=7 (full 1):
 PSYoungGen      total 71680K, used 70635K [0x00000000d5580000, 0x00000000dd600000, 0x0000000100000000)
  eden space 66560K, 100% used [0x00000000d5580000,0x00000000d9680000,0x00000000d9680000)
  from space 5120K, 79% used [0x00000000d9680000,0x00000000d9a7acb0,0x00000000d9b80000)
  to   space 8192K, 0% used [0x00000000dce00000,0x00000000dce00000,0x00000000dd600000)
 ParOldGen       total 51200K, used 6295K [0x0000000080000000, 0x0000000083200000, 0x00000000d5580000)
  object space 51200K, 12% used [0x0000000080000000,0x0000000080625f10,0x0000000083200000)
 Metaspace       used 24744K, capacity 25820K, committed 25984K, reserved 1071104K
  class space    used 3427K, capacity 3695K, committed 3712K, reserved 1048576K
Event: 3.361 GC heap after
Heap after GC invocations=7 (full 1):
 PSYoungGen      total 121344K, used 8188K [0x00000000d5580000, 0x00000000dd800000, 0x0000000100000000)
  eden space 113152K, 0% used [0x00000000d5580000,0x00000000d5580000,0x00000000dc400000)
  from space 8192K, 99% used [0x00000000dce00000,0x00000000dd5ff008,0x00000000dd600000)
  to   space 10240K, 0% used [0x00000000dc400000,0x00000000dc400000,0x00000000dce00000)
 ParOldGen       total 51200K, used 8116K [0x0000000080000000, 0x0000000083200000, 0x00000000d5580000)
  object space 51200K, 15% used [0x0000000080000000,0x00000000807ed3f8,0x0000000083200000)
 Metaspace       used 24744K, capacity 25820K, committed 25984K, reserved 1071104K
  class space    used 3427K, capacity 3695K, committed 3712K, reserved 1048576K
}
Event: 4.400 GC heap before
{Heap before GC invocations=8 (full 1):
 PSYoungGen      total 121344K, used 121320K [0x00000000d5580000, 0x00000000dd800000, 0x0000000100000000)
  eden space 113152K, 99% used [0x00000000d5580000,0x00000000dc3fb2a0,0x00000000dc400000)
  from space 8192K, 99% used [0x00000000dce00000,0x00000000dd5ff008,0x00000000dd600000)
  to   space 10240K, 0% used [0x00000000dc400000,0x00000000dc400000,0x00000000dce00000)
 ParOldGen       total 51200K, used 8116K [0x0000000080000000, 0x0000000083200000, 0x00000000d5580000)
  object space 51200K, 15% used [0x0000000080000000,0x00000000807ed3f8,0x0000000083200000)
 Metaspace       used 30282K, capacity 31844K, committed 32128K, reserved 1077248K
  class space    used 4158K, capacity 4479K, committed 4480K, reserved 1048576K
Event: 4.427 GC heap after
Heap after GC invocations=8 (full 1):
 PSYoungGen      total 123392K, used 10224K [0x00000000d5580000, 0x00000000e2b80000, 0x0000000100000000)
  eden space 113152K, 0% used [0x00000000d5580000,0x00000000d5580000,0x00000000dc400000)
  from space 10240K, 99% used [0x00000000dc400000,0x00000000dcdfc290,0x00000000dce00000)
  to   space 14848K, 0% used [0x00000000e1d00000,0x00000000e1d00000,0x00000000e2b80000)
 ParOldGen       total 51200K, used 14460K [0x0000000080000000, 0x0000000083200000, 0x00000000d5580000)
  object space 51200K, 28% used [0x0000000080000000,0x0000000080e1f318,0x0000000083200000)
 Metaspace       used 30282K, capacity 31844K, committed 32128K, reserved 1077248K
  class space    used 4158K, capacity 4479K, committed 4480K, reserved 1048576K
}
Event: 5.122 GC heap before
{Heap before GC invocations=9 (full 1):
 PSYoungGen      total 123392K, used 68486K [0x00000000d5580000, 0x00000000e2b80000, 0x0000000100000000)
  eden space 113152K, 51% used [0x00000000d5580000,0x00000000d8e65950,0x00000000dc400000)
  from space 10240K, 99% used [0x00000000dc400000,0x00000000dcdfc290,0x00000000dce00000)
  to   space 14848K, 0% used [0x00000000e1d00000,0x00000000e1d00000,0x00000000e2b80000)
 ParOldGen       total 51200K, used 14460K [0x0000000080000000, 0x0000000083200000, 0x00000000d5580000)
  object space 51200K, 28% used [0x0000000080000000,0x0000000080e1f318,0x0000000083200000)
 Metaspace       used 33676K, capacity 35308K, committed 35416K, reserved 1079296K
  class space    used 4536K, capacity 4871K, committed 4952K, reserved 1048576K
Event: 5.143 GC heap after
Heap after GC invocations=9 (full 1):
 PSYoungGen      total 202240K, used 14837K [0x00000000d5580000, 0x00000000e2e00000, 0x0000000100000000)
  eden space 187392K, 0% used [0x00000000d5580000,0x00000000d5580000,0x00000000e0c80000)
  from space 14848K, 99% used [0x00000000e1d00000,0x00000000e2b7d770,0x00000000e2b80000)
  to   space 16896K, 0% used [0x00000000e0c80000,0x00000000e0c80000,0x00000000e1d00000)
 ParOldGen       total 51200K, used 14494K [0x0000000080000000, 0x0000000083200000, 0x00000000d5580000)
  object space 51200K, 28% used [0x0000000080000000,0x0000000080e27be8,0x0000000083200000)
 Metaspace       used 33676K, capacity 35308K, committed 35416K, reserved 1079296K
  class space    used 4536K, capacity 4871K, committed 4952K, reserved 1048576K
}
Event: 5.144 GC heap before
{Heap before GC invocations=10 (full 2):
 PSYoungGen      total 202240K, used 14837K [0x00000000d5580000, 0x00000000e2e00000, 0x0000000100000000)
  eden space 187392K, 0% used [0x00000000d5580000,0x00000000d5580000,0x00000000e0c80000)
  from space 14848K, 99% used [0x00000000e1d00000,0x00000000e2b7d770,0x00000000e2b80000)
  to   space 16896K, 0% used [0x00000000e0c80000,0x00000000e0c80000,0x00000000e1d00000)
 ParOldGen       total 51200K, used 14494K [0x0000000080000000, 0x0000000083200000, 0x00000000d5580000)
  object space 51200K, 28% used [0x0000000080000000,0x0000000080e27be8,0x0000000083200000)
 Metaspace       used 33676K, capacity 35308K, committed 35416K, reserved 1079296K
  class space    used 4536K, capacity 4871K, committed 4952K, reserved 1048576K
Event: 5.251 GC heap after
Heap after GC invocations=10 (full 2):
 PSYoungGen      total 202240K, used 0K [0x00000000d5580000, 0x00000000e2e00000, 0x0000000100000000)
  eden space 187392K, 0% used [0x00000000d5580000,0x00000000d5580000,0x00000000e0c80000)
  from space 14848K, 0% used [0x00000000e1d00000,0x00000000e1d00000,0x00000000e2b80000)
  to   space 16896K, 0% used [0x00000000e0c80000,0x00000000e0c80000,0x00000000e1d00000)
 ParOldGen       total 88064K, used 22362K [0x0000000080000000, 0x0000000085600000, 0x00000000d5580000)
  object space 88064K, 25% used [0x0000000080000000,0x00000000815d68b8,0x0000000085600000)
 Metaspace       used 33676K, capacity 35308K, committed 35416K, reserved 1079296K
  class space    used 4536K, capacity 4871K, committed 4952K, reserved 1048576K
}
Event: 7.912 GC heap before
{Heap before GC invocations=11 (full 2):
 PSYoungGen      total 202240K, used 187392K [0x00000000d5580000, 0x00000000e2e00000, 0x0000000100000000)
  eden space 187392K, 100% used [0x00000000d5580000,0x00000000e0c80000,0x00000000e0c80000)
  from space 14848K, 0% used [0x00000000e1d00000,0x00000000e1d00000,0x00000000e2b80000)
  to   space 16896K, 0% used [0x00000000e0c80000,0x00000000e0c80000,0x00000000e1d00000)
 ParOldGen       total 88064K, used 22362K [0x0000000080000000, 0x0000000085600000, 0x00000000d5580000)
  object space 88064K, 25% used [0x0000000080000000,0x00000000815d68b8,0x0000000085600000)
 Metaspace       used 49305K, capacity 51696K, committed 51800K, reserved 1097728K
  class space    used 7044K, capacity 7484K, committed 7512K, reserved 1048576K
Event: 7.950 GC heap after
Heap after GC invocations=11 (full 2):
 PSYoungGen      total 204288K, used 16884K [0x00000000d5580000, 0x00000000e2e00000, 0x0000000100000000)
  eden space 187392K, 0% used [0x00000000d5580000,0x00000000d5580000,0x00000000e0c80000)
  from space 16896K, 99% used [0x00000000e0c80000,0x00000000e1cfd3c8,0x00000000e1d00000)
  to   space 14848K, 0% used [0x00000000e1d00000,0x00000000e1d00000,0x00000000e2b80000)
 ParOldGen       total 88064K, used 27226K [0x0000000080000000, 0x0000000085600000, 0x00000000d5580000)
  object space 88064K, 30% used [0x0000000080000000,0x0000000081a96980,0x0000000085600000)
 Metaspace       used 49305K, capacity 51696K, committed 51800K, reserved 1097728K
  class space    used 7044K, capacity 7484K, committed 7512K, reserved 1048576K
}

Deoptimization events (0 events):
No events

Internal exceptions (10 events):
Event: 8.243 Thread 0x0000000002885800 Exception <a 'java/lang/ClassNotFoundException': org/springframework/beans/factory/BeanFactoryAwareCustomizer> (0x00000000d7ee1d60) thrown at [C:\re\workspace\8-2-build-windows-amd64-cygwin\jdk8u121\8372\hotspot\src\share\vm\classfile\systemDictionary.cpp
Event: 8.243 Thread 0x0000000002885800 Exception <a 'java/lang/ClassNotFoundException': org/springframework/beans/factory/AwareCustomizer> (0x00000000d7ef4bc0) thrown at [C:\re\workspace\8-2-build-windows-amd64-cygwin\jdk8u121\8372\hotspot\src\share\vm\classfile\systemDictionary.cpp, line 210]
Event: 8.244 Thread 0x0000000002885800 Exception <a 'java/lang/ClassNotFoundException': org/springframework/beans/factory/InitializingBeanCustomizer> (0x00000000d7f08f20) thrown at [C:\re\workspace\8-2-build-windows-amd64-cygwin\jdk8u121\8372\hotspot\src\share\vm\classfile\systemDictionary.cpp
Event: 8.244 Thread 0x0000000002885800 Exception <a 'java/lang/ClassNotFoundException': org/springframework/web/servlet/HandlerAdapterCustomizer> (0x00000000d7f1cde0) thrown at [C:\re\workspace\8-2-build-windows-amd64-cygwin\jdk8u121\8372\hotspot\src\share\vm\classfile\systemDictionary.cpp, li
Event: 8.244 Thread 0x0000000002885800 Exception <a 'java/lang/ClassNotFoundException': org/springframework/core/OrderedCustomizer> (0x00000000d7f2e300) thrown at [C:\re\workspace\8-2-build-windows-amd64-cygwin\jdk8u121\8372\hotspot\src\share\vm\classfile\systemDictionary.cpp, line 210]
Event: 8.244 Thread 0x0000000002885800 Exception <a 'java/lang/ClassNotFoundException': org/springframework/web/context/ServletContextAwareCustomizer> (0x00000000d7f437a8) thrown at [C:\re\workspace\8-2-build-windows-amd64-cygwin\jdk8u121\8372\hotspot\src\share\vm\classfile\systemDictionary.cp
Event: 8.245 Thread 0x0000000002885800 Exception <a 'java/lang/ClassNotFoundException': org/springframework/beans/factory/AwareCustomizer> (0x00000000d7f55ff8) thrown at [C:\re\workspace\8-2-build-windows-amd64-cygwin\jdk8u121\8372\hotspot\src\share\vm\classfile\systemDictionary.cpp, line 210]
Event: 8.245 Thread 0x0000000002885800 Exception <a 'java/lang/ClassNotFoundException': org/springframework/context/ApplicationContextAwareCustomizer> (0x00000000d7f6a838) thrown at [C:\re\workspace\8-2-build-windows-amd64-cygwin\jdk8u121\8372\hotspot\src\share\vm\classfile\systemDictionary.cp
Event: 8.245 Thread 0x0000000002885800 Exception <a 'java/lang/ClassNotFoundException': org/springframework/beans/factory/AwareCustomizer> (0x00000000d7f7d620) thrown at [C:\re\workspace\8-2-build-windows-amd64-cygwin\jdk8u121\8372\hotspot\src\share\vm\classfile\systemDictionary.cpp, line 210]
Event: 8.275 Thread 0x0000000002885800 Exception <a 'java/lang/ArrayIndexOutOfBoundsException'> (0x00000000d81a41c0) thrown at [C:\re\workspace\8-2-build-windows-amd64-cygwin\jdk8u121\8372\hotspot\src\share\vm\runtime\sharedRuntime.cpp, line 605]

Events (10 events):
Event: 8.307 loading class org/springframework/web/servlet/handler/AbstractHandlerMethodMapping$MappingRegistry
Event: 8.307 loading class org/springframework/web/servlet/handler/AbstractHandlerMethodMapping$MappingRegistry done
Event: 8.308 loading class org/springframework/web/servlet/mvc/method/RequestMappingInfoHandlerMethodMappingNamingStrategy
Event: 8.308 loading class org/springframework/web/servlet/mvc/method/RequestMappingInfoHandlerMethodMappingNamingStrategy done
Event: 8.309 loading class org/springframework/web/servlet/handler/HandlerMethodMappingNamingStrategy
Event: 8.309 loading class org/springframework/web/servlet/handler/HandlerMethodMappingNamingStrategy done
Event: 8.309 loading class org/springframework/web/servlet/mvc/method/RequestMappingInfo$BuilderConfiguration
Event: 8.309 loading class org/springframework/web/servlet/mvc/method/RequestMappingInfo$BuilderConfiguration done
Event: 8.310 loading class org/springframework/core/OrderComparator$OrderSourceProvider
Event: 8.310 loading class org/springframework/core/OrderComparator$OrderSourceProvider done


Dynamic libraries:
0x00007ff601b20000 - 0x00007ff601b57000 	C:\Program Files\Java\jre1.8.0_121\bin\javaw.exe
0x00007ffb92ad0000 - 0x00007ffb92cb1000 	C:\WINDOWS\SYSTEM32\ntdll.dll
0x00007ffb90b40000 - 0x00007ffb90bf2000 	C:\WINDOWS\System32\KERNEL32.DLL
0x00007ffb8ef20000 - 0x00007ffb8f193000 	C:\WINDOWS\System32\KERNELBASE.dll
0x00007ffb900e0000 - 0x00007ffb90181000 	C:\WINDOWS\System32\ADVAPI32.dll
0x00007ffb90a20000 - 0x00007ffb90abe000 	C:\WINDOWS\System32\msvcrt.dll
0x00007ffb90690000 - 0x00007ffb906eb000 	C:\WINDOWS\System32\sechost.dll
0x00007ffb90560000 - 0x00007ffb90684000 	C:\WINDOWS\System32\RPCRT4.dll
0x00007ffb903d0000 - 0x00007ffb90560000 	C:\WINDOWS\System32\USER32.dll
0x00007ffb8fb00000 - 0x00007ffb8fb20000 	C:\WINDOWS\System32\win32u.dll
0x00007ffb8ff60000 - 0x00007ffb8ff88000 	C:\WINDOWS\System32\GDI32.dll
0x00007ffb8f960000 - 0x00007ffb8faf2000 	C:\WINDOWS\System32\gdi32full.dll
0x00007ffb8fb20000 - 0x00007ffb8fbbf000 	C:\WINDOWS\System32\msvcp_win.dll
0x00007ffb8fbc0000 - 0x00007ffb8fcba000 	C:\WINDOWS\System32\ucrtbase.dll
0x00007ffb8d070000 - 0x00007ffb8d2d9000 	C:\WINDOWS\WinSxS\amd64_microsoft.windows.common-controls_6595b64144ccf1df_6.0.17134.228_none_fb4599993062b194\COMCTL32.dll
0x00007ffb906f0000 - 0x00007ffb90a13000 	C:\WINDOWS\System32\combase.dll
0x00007ffb8eea0000 - 0x00007ffb8ef1a000 	C:\WINDOWS\System32\bcryptPrimitives.dll
0x00007ffb901a0000 - 0x00007ffb901cd000 	C:\WINDOWS\System32\IMM32.DLL
0x00007ffb8ebe0000 - 0x00007ffb8ec3d000 	C:\Program Files\Citrix\System32\MfApHook64.dll
0x00007ffb8eb60000 - 0x00007ffb8eb8b000 	C:\Program Files\Citrix\ICAService\CtxDodHook64.dll
0x00007ffb8eb20000 - 0x00007ffb8eb52000 	C:\Program Files\Citrix\ICAService\picaFullScreenHookX64.dll
0x00007ffb8ead0000 - 0x00007ffb8eb1e000 	C:\Program Files\Citrix\ICAService\ShellHook64.dll
0x00007ffb90c00000 - 0x00007ffb92040000 	C:\WINDOWS\System32\SHELL32.dll
0x00007ffb8f910000 - 0x00007ffb8f959000 	C:\WINDOWS\System32\cfgmgr32.dll
0x00007ffb92260000 - 0x00007ffb92309000 	C:\WINDOWS\System32\shcore.dll
0x00007ffb8f1a0000 - 0x00007ffb8f8ad000 	C:\WINDOWS\System32\windows.storage.dll
0x00007ffb901d0000 - 0x00007ffb90221000 	C:\WINDOWS\System32\shlwapi.dll
0x00007ffb8ee60000 - 0x00007ffb8ee71000 	C:\WINDOWS\System32\kernel.appcore.dll
0x00007ffb8edf0000 - 0x00007ffb8ee0f000 	C:\WINDOWS\System32\profapi.dll
0x00007ffb8ee10000 - 0x00007ffb8ee5c000 	C:\WINDOWS\System32\powrprof.dll
0x00007ffb8ede0000 - 0x00007ffb8edea000 	C:\WINDOWS\System32\FLTLIB.DLL
0x00007ffb8e3e0000 - 0x00007ffb8e55c000 	C:\Program Files\Citrix\ICAService\SCardHook64.dll
0x00007ffb8e3b0000 - 0x00007ffb8e3da000 	C:\Program Files\Citrix\ICAService\cxinjime64.dll
0x00007ffb8e2f0000 - 0x00007ffb8e338000 	C:\Program Files\Citrix\ICAService\PicaWtsHook64.dll
0x0000000074310000 - 0x00000000743e2000 	C:\Program Files\Java\jre1.8.0_121\bin\msvcr100.dll
0x0000000074740000 - 0x0000000074fdb000 	C:\Program Files\Java\jre1.8.0_121\bin\server\jvm.dll
0x00007ffb923b0000 - 0x00007ffb923b8000 	C:\WINDOWS\System32\PSAPI.DLL
0x00007ffb89230000 - 0x00007ffb89253000 	C:\WINDOWS\SYSTEM32\WINMM.dll
0x00007ffb8e5b0000 - 0x00007ffb8e5ba000 	C:\WINDOWS\SYSTEM32\VERSION.dll
0x00007ffb89170000 - 0x00007ffb8919a000 	C:\WINDOWS\SYSTEM32\WINMMBASE.dll
0x00007ffb7ceb0000 - 0x00007ffb7ceb9000 	C:\WINDOWS\SYSTEM32\WSOCK32.dll
0x0000000002600000 - 0x000000000266c000 	C:\WINDOWS\System32\ws2_32.DLL
0x0000000075a30000 - 0x0000000075a3f000 	C:\Program Files\Java\jre1.8.0_121\bin\verify.dll
0x0000000075a00000 - 0x0000000075a29000 	C:\Program Files\Java\jre1.8.0_121\bin\java.dll
0x00000000758d0000 - 0x00000000758e6000 	C:\Program Files\Java\jre1.8.0_121\bin\zip.dll
0x0000000075850000 - 0x000000007585d000 	C:\Program Files\Java\jre1.8.0_121\bin\management.dll
0x00000000758b0000 - 0x00000000758ca000 	C:\Program Files\Java\jre1.8.0_121\bin\net.dll
0x00007ffb8dad0000 - 0x00007ffb8db36000 	C:\WINDOWS\system32\mswsock.dll
0x0000000075890000 - 0x00000000758a1000 	C:\Program Files\Java\jre1.8.0_121\bin\nio.dll
0x00007ffb85da0000 - 0x00007ffb85db6000 	C:\WINDOWS\system32\napinsp.dll
0x00007ffb85d80000 - 0x00007ffb85d9a000 	C:\WINDOWS\system32\pnrpnsp.dll
0x00007ffb8a7e0000 - 0x00007ffb8a7f9000 	C:\WINDOWS\system32\NLAapi.dll
0x00007ffb8d890000 - 0x00007ffb8d94e000 	C:\WINDOWS\SYSTEM32\DNSAPI.dll
0x00007ffb90b30000 - 0x00007ffb90b38000 	C:\WINDOWS\System32\NSI.dll
0x00007ffb8d850000 - 0x00007ffb8d888000 	C:\WINDOWS\SYSTEM32\IPHLPAPI.DLL
0x00007ffb85dc0000 - 0x00007ffb85dce000 	C:\WINDOWS\System32\winrnr.dll
0x00007ffb85e50000 - 0x00007ffb85e5a000 	C:\Windows\System32\rasadhlp.dll
0x00007ffb87a70000 - 0x00007ffb87ae2000 	C:\WINDOWS\System32\fwpuclnt.dll
0x00007ffb8e580000 - 0x00007ffb8e5a5000 	C:\WINDOWS\SYSTEM32\bcrypt.dll
0x00007ffb8dcf0000 - 0x00007ffb8dd07000 	C:\WINDOWS\SYSTEM32\CRYPTSP.dll
0x00007ffb8d6b0000 - 0x00007ffb8d6e3000 	C:\WINDOWS\system32\rsaenh.dll
0x00007ffb8ed10000 - 0x00007ffb8ed38000 	C:\WINDOWS\SYSTEM32\USERENV.dll
0x00007ffb8dce0000 - 0x00007ffb8dceb000 	C:\WINDOWS\SYSTEM32\CRYPTBASE.dll
0x00007ffb87a50000 - 0x00007ffb87a66000 	C:\WINDOWS\SYSTEM32\dhcpcsvc6.DLL
0x00007ffb87a30000 - 0x00007ffb87a4a000 	C:\WINDOWS\SYSTEM32\dhcpcsvc.DLL

VM Arguments:
jvm_args: -Dcom.sun.management.jmxremote -Dcom.sun.management.jmxremote.port=57984 -Dcom.sun.management.jmxremote.authenticate=false -Dcom.sun.management.jmxremote.ssl=false -Djava.rmi.server.hostname=localhost -Dspring.liveBeansView.mbeanDomain -Dspring.application.admin.enabled=true -Xverify:none -XX:TieredStopAtLevel=1 -Dfile.encoding=UTF-8 
java_command: com.cg.app.transactionservice.TransactionserviceApplication --spring.output.ansi.enabled=always
java_class_path (initial): C:\mmbank\transactionservice\transactionservice\target\classes;C:\Users\mrnimmal\.m2\repository\org\springframework\boot\spring-boot-starter-data-jpa\2.1.2.RELEASE\spring-boot-starter-data-jpa-2.1.2.RELEASE.jar;C:\Users\mrnimmal\.m2\repository\org\springframework\boot\spring-boot-starter-aop\2.1.2.RELEASE\spring-boot-starter-aop-2.1.2.RELEASE.jar;C:\Users\mrnimmal\.m2\repository\org\springframework\spring-aop\5.1.4.RELEASE\spring-aop-5.1.4.RELEASE.jar;C:\Users\mrnimmal\.m2\repository\org\aspectj\aspectjweaver\1.9.2\aspectjweaver-1.9.2.jar;C:\Users\mrnimmal\.m2\repository\org\springframework\boot\spring-boot-starter-jdbc\2.1.2.RELEASE\spring-boot-starter-jdbc-2.1.2.RELEASE.jar;C:\Users\mrnimmal\.m2\repository\com\zaxxer\HikariCP\3.2.0\HikariCP-3.2.0.jar;C:\Users\mrnimmal\.m2\repository\org\springframework\spring-jdbc\5.1.4.RELEASE\spring-jdbc-5.1.4.RELEASE.jar;C:\Users\mrnimmal\.m2\repository\javax\transaction\javax.transaction-api\1.3\javax.transaction-api-1.3.jar;C:\Users\mrnimmal\.m2\repository\javax\xml\bind\jaxb-api\2.3.1\jaxb-api-2.3.1.jar;C:\Users\mrnimmal\.m2\repository\javax\activation\javax.activation-api\1.2.0\javax.activation-api-1.2.0.jar;C:\Users\mrnimmal\.m2\repository\org\hibernate\hibernate-core\5.3.7.Final\hibernate-core-5.3.7.Final.jar;C:\Users\mrnimmal\.m2\repository\org\jboss\logging\jboss-logging\3.3.2.Final\jboss-logging-3.3.2.Final.jar;C:\Users\mrnimmal\.m2\repository\javax\persistence\javax.persistence-api\2.2\javax.persistence-api-2.2.jar;C:\Users\mrnimmal\.m2\repository\org\javassist\javassist\3.23.1-GA\javassist-3.23.1-GA.jar;C:\Users\mrnimmal\.m2\repository\net\bytebuddy\byte-buddy\1.9.7\byte-buddy-1.9.7.jar;C:\Users\mrnimmal\.m2\repository\antlr\antlr\2.7.7\antlr-2.7.7.jar;C:\Users\mrnimmal\.m2\repository\org\jboss\jandex\2.0.5.Final\jandex-2.0.5.Final.jar;C:\Users\mrnimmal\.m2\repository\com\fasterxml\classmate\1.4.0\classmate-1.4.0.jar;C:\Users\mrnimmal\.m2\repository\org\dom4j\dom4j\2.1.1\dom4j-2.1.1.jar;C
Launcher Type: SUN_STANDARD

Environment Variables:
PATH=C:/Program Files/Java/jre1.8.0_121/bin/server;C:/Program Files/Java/jre1.8.0_121/bin;C:/Program Files/Java/jre1.8.0_121/lib/amd64;C:\Python34\;C:\Python34\Scripts;C:\oraclexe\app\oracle\product\11.2.0\server\bin;C:\ProgramData\Oracle\Java\javapath;C:\WINDOWS\system32;C:\WINDOWS;C:\WINDOWS\System32\Wbem;C:\WINDOWS\System32\WindowsPowerShell\v1.0\;C:\Program Files\TortoiseSVN\bin;C:\Program Files\nodejs\;C:\Program Files\Git\cmd;C:\Program Files (x86)\Microsoft SQL Server\110\Tools\Binn\ManagementStudio\;C:\Program Files (x86)\Microsoft SQL Server\110\Tools\Binn\;C:\Program Files (x86)\Microsoft SQL Server\110\DTS\Binn\;C:\Program Files\Citrix\System32\;C:\Program Files\Citrix\ICAService\;C:\WINDOWS\System32\OpenSSH\;C:\Users\mrnimmal\AppData\Local\Microsoft\WindowsApps;;C:\SpringProjects\sts-bundle\sts-3.9.7.RELEASE;
USERNAME=mrnimmal
OS=Windows_NT
PROCESSOR_IDENTIFIER=Intel64 Family 15 Model 6 Stepping 1, GenuineIntel



---------------  S Y S T E M  ---------------

OS: Windows 10.0 , 64 bit Build 17134 (10.0.17134.1)

CPU:total 4 (2 cores per cpu, 1 threads per core) family 15 model 6 stepping 1, cmov, cx8, fxsr, mmx, sse, sse2, sse3, ssse3, sse4.1, sse4.2, popcnt, avx, avx2, aes, clmul, erms, rtm, 3dnowpref, lzcnt, tsc, bmi1, bmi2, adx

Memory: 4k page, physical 8388056k(638032k free), swap 18697820k(2312k free)

vm_info: Java HotSpot(TM) 64-Bit Server VM (25.121-b13) for windows-amd64 JRE (1.8.0_121-b13), built on Dec 12 2016 18:21:36 by "java_re" with MS VC++ 10.0 (VS2010)

time: Tue Jan 22 18:25:02 2019
elapsed time: 8 seconds (0d 0h 0m 8s)

