#
# A fatal error has been detected by the Java Runtime Environment:
#
#  EXCEPTION_ACCESS_VIOLATION (0xc0000005) at pc=0x0000000074953b57, pid=18740, tid=0x00000000000089ec
#
# JRE version: Java(TM) SE Runtime Environment (8.0_121-b13) (build 1.8.0_121-b13)
# Java VM: Java HotSpot(TM) 64-Bit Server VM (25.121-b13 mixed mode windows-amd64 compressed oops)
# Problematic frame:
# V  [jvm.dll+0x213b57]
#
# Failed to write core dump. Minidumps are not enabled by default on client versions of Windows
#
# If you would like to submit a bug report, please visit:
#   http://bugreport.java.com/bugreport/crash.jsp
#

---------------  T H R E A D  ---------------

Current thread (0x000000001a3cf000):  JavaThread "HikariPool-1 connection closer" daemon [_thread_in_vm, id=35308, stack(0x000000001f6f0000,0x000000001f7f0000)]

siginfo: ExceptionCode=0xc0000005, writing address 0x000000001f7e6e70

Registers:
RAX=0x000000001f7e6e70, RBX=0x0000000000000007, RCX=0x0000000000006000, RDX=0x0000000000000015
RSP=0x000000001f7ece70, RBP=0x0000000000000000, RSI=0x000000001f7ece70, RDI=0x0000000000000007
R8 =0x0000000000000015, R9 =0x000000001cc45400, R10=0x0000000018140c88, R11=0x000000001f6fa148
R12=0x000000001cc45400, R13=0x000000001a3cf000, R14=0x000000001f7ecf38, R15=0x0000000018140c88
RIP=0x0000000074953b57, EFLAGS=0x0000000000010202

Top of Stack: (sp=0x000000001f7ece70)
0x000000001f7ece70:   0000000000000000 0000000003661f50
0x000000001f7ece80:   000000001a3cf000 000000001cc45400
0x000000001f7ece90:   00000000ffffffff 0000000074954a87
0x000000001f7ecea0:   000000001f7ecfa0 0000000018140c88
0x000000001f7eceb0:   000000001a3cf000 000000001e72ca20
0x000000001f7ecec0:   0000000000000000 0000000000000000
0x000000001f7eced0:   0000000000000000 000000001f10e718
0x000000001f7ecee0:   0000000018140c88 000000001a3cf000
0x000000001f7ecef0:   00000000038b6ba0 0000000000000000
0x000000001f7ecf00:   0000000000000000 0000000000000000
0x000000001f7ecf10:   000000001dd3daa0 0000000000000000
0x000000001f7ecf20:   0000000000000000 0000000018140c88
0x000000001f7ecf30:   000000001a3cf000 000000001ca89c40
0x000000001f7ecf40:   0000000000000000 0000000074837ec1
0x000000001f7ecf50:   000000001f7ed0f8 0000000000000000
0x000000001f7ecf60:   0000000000000000 0000000000000000 

Instructions: (pc=0x0000000074953b57)
0x0000000074953b37:   48 89 6c 24 30 33 ed 66 90 e8 2b 3b 08 00 ff c3
0x0000000074953b47:   48 63 c8 48 8b c6 48 0f af cf 48 ff c7 48 2b c1
0x0000000074953b57:   89 28 48 63 c3 48 3b 05 75 1b 59 00 7e db 48 8b
0x0000000074953b67:   6c 24 30 48 8b 5c 24 38 48 8b 74 24 40 48 83 c4 


Register to memory mapping:

RAX=0x000000001f7e6e70 is pointing into the stack for thread: 0x000000001a3cf000
RBX=0x0000000000000007 is an unknown value
RCX=0x0000000000006000 is an unknown value
RDX=0x0000000000000015 is an unknown value
RSP=0x000000001f7ece70 is pointing into the stack for thread: 0x000000001a3cf000
RBP=0x0000000000000000 is an unknown value
RSI=0x000000001f7ece70 is pointing into the stack for thread: 0x000000001a3cf000
RDI=0x0000000000000007 is an unknown value
R8 =0x0000000000000015 is an unknown value
R9 =0x000000001cc45400 is an unknown value
R10={method} {0x0000000018140c90} 'run' '()Ljava/lang/Object;' in 'java/net/URLClassLoader$1'
R11=0x000000001f6fa148 is pointing into the stack for thread: 0x000000001a3cf000
R12=0x000000001cc45400 is an unknown value
R13=0x000000001a3cf000 is a thread
R14=0x000000001f7ecf38 is pointing into the stack for thread: 0x000000001a3cf000
R15={method} {0x0000000018140c90} 'run' '()Ljava/lang/Object;' in 'java/net/URLClassLoader$1'


Stack: [0x000000001f6f0000,0x000000001f7f0000],  sp=0x000000001f7ece70,  free space=1011k
Native frames: (J=compiled Java code, j=interpreted, Vv=VM code, C=native code)

Java frames: (J=compiled Java code, j=interpreted, Vv=VM code)
J 581  java.security.AccessController.doPrivileged(Ljava/security/PrivilegedExceptionAction;Ljava/security/AccessControlContext;)Ljava/lang/Object; (0 bytes) @ 0x0000000003a525a6 [0x0000000003a52540+0x66]
J 597 C1 java.net.URLClassLoader.findClass(Ljava/lang/String;)Ljava/lang/Class; (47 bytes) @ 0x0000000003a5e8b4 [0x0000000003a5e800+0xb4]
J 515 C1 java.lang.ClassLoader.loadClass(Ljava/lang/String;Z)Ljava/lang/Class; (122 bytes) @ 0x0000000003a35224 [0x0000000003a34f20+0x304]
J 515 C1 java.lang.ClassLoader.loadClass(Ljava/lang/String;Z)Ljava/lang/Class; (122 bytes) @ 0x0000000003a35174 [0x0000000003a34f20+0x254]
J 672 C1 sun.misc.Launcher$AppClassLoader.loadClass(Ljava/lang/String;Z)Ljava/lang/Class; (85 bytes) @ 0x0000000003a7b344 [0x0000000003a7b060+0x2e4]
J 670 C1 java.lang.ClassLoader.loadClass(Ljava/lang/String;)Ljava/lang/Class; (7 bytes) @ 0x0000000003a7aa64 [0x0000000003a7aa20+0x44]
v  ~StubRoutines::call_stub
j  com.mysql.cj.jdbc.ConnectionImpl.realClose(ZZZLjava/lang/Throwable;)V+304
j  com.mysql.cj.jdbc.ConnectionImpl.close()V+57
j  com.zaxxer.hikari.pool.PoolBase.quietlyCloseConnection(Ljava/sql/Connection;Ljava/lang/String;)V+58
j  com.zaxxer.hikari.pool.HikariPool.lambda$closeConnection$1(Ljava/sql/Connection;Ljava/lang/String;)V+3
j  com.zaxxer.hikari.pool.HikariPool$$Lambda$455.run()V+12
j  java.util.concurrent.ThreadPoolExecutor.runWorker(Ljava/util/concurrent/ThreadPoolExecutor$Worker;)V+95
j  java.util.concurrent.ThreadPoolExecutor$Worker.run()V+5
j  java.lang.Thread.run()V+11
v  ~StubRoutines::call_stub

---------------  P R O C E S S  ---------------

Java Threads: ( => current thread )
=>0x000000001a3cf000 JavaThread "HikariPool-1 connection closer" daemon [_thread_in_vm, id=35308, stack(0x000000001f6f0000,0x000000001f7f0000)]
  0x000000001c7e0000 JavaThread "Abandoned connection cleanup thread" daemon [_thread_blocked, id=28352, stack(0x000000001daf0000,0x000000001dbf0000)]
  0x000000001c7d1800 JavaThread "container-0" [_thread_blocked, id=20708, stack(0x000000001d9f0000,0x000000001daf0000)]
  0x000000001c7d1000 JavaThread "Catalina-utility-1" [_thread_blocked, id=35700, stack(0x000000001d8f0000,0x000000001d9f0000)]
  0x000000001a5b4800 JavaThread "JMX server connection timeout 17" daemon [_thread_blocked, id=35672, stack(0x000000001b320000,0x000000001b420000)]
  0x000000001a5ad000 JavaThread "RMI TCP Connection(2)-127.0.0.1" daemon [_thread_in_native, id=30636, stack(0x000000001b220000,0x000000001b320000)]
  0x000000001a5a8000 JavaThread "RMI Scheduler(0)" daemon [_thread_blocked, id=27824, stack(0x000000001b120000,0x000000001b220000)]
  0x000000001a5a5000 JavaThread "RMI TCP Connection(1)-127.0.0.1" daemon [_thread_in_native, id=14068, stack(0x000000001b020000,0x000000001b120000)]
  0x000000001a520000 JavaThread "RMI TCP Accept-0" daemon [_thread_in_native, id=27780, stack(0x000000001ace0000,0x000000001ade0000)]
  0x000000001a514800 JavaThread "RMI TCP Accept-59512" daemon [_thread_in_native, id=32160, stack(0x000000001abe0000,0x000000001ace0000)]
  0x000000001a506800 JavaThread "RMI TCP Accept-0" daemon [_thread_in_native, id=36296, stack(0x000000001aae0000,0x000000001abe0000)]
  0x0000000019e00800 JavaThread "Service Thread" daemon [_thread_blocked, id=35664, stack(0x000000001a1e0000,0x000000001a2e0000)]
  0x000000001849d000 JavaThread "C1 CompilerThread2" daemon [_thread_blocked, id=20808, stack(0x0000000019ce0000,0x0000000019de0000)]
  0x0000000018496800 JavaThread "C2 CompilerThread1" daemon [_thread_blocked, id=17040, stack(0x0000000019be0000,0x0000000019ce0000)]
  0x0000000018494800 JavaThread "C2 CompilerThread0" daemon [_thread_blocked, id=36536, stack(0x0000000019ae0000,0x0000000019be0000)]
  0x0000000018493000 JavaThread "Attach Listener" daemon [_thread_blocked, id=3748, stack(0x00000000199e0000,0x0000000019ae0000)]
  0x0000000018492000 JavaThread "Signal Dispatcher" daemon [_thread_blocked, id=35424, stack(0x00000000198e0000,0x00000000199e0000)]
  0x0000000018480000 JavaThread "Finalizer" daemon [_thread_blocked, id=29808, stack(0x00000000196f0000,0x00000000197f0000)]
  0x0000000018459000 JavaThread "Reference Handler" daemon [_thread_blocked, id=27488, stack(0x00000000195f0000,0x00000000196f0000)]
  0x0000000003775800 JavaThread "main" [_thread_blocked, id=34500, stack(0x0000000003670000,0x0000000003770000)]

Other Threads:
  0x0000000018457800 VMThread [stack: 0x00000000194f0000,0x00000000195f0000] [id=35312]
  0x000000001a523000 WatcherThread [stack: 0x000000001ade0000,0x000000001aee0000] [id=36776]

VM state:not at safepoint (normal execution)

VM Mutex/Monitor currently owned by a thread: None

Heap:
 PSYoungGen      total 71680K, used 34674K [0x00000000d5580000, 0x00000000da080000, 0x0000000100000000)
  eden space 66560K, 52% used [0x00000000d5580000,0x00000000d775c8d8,0x00000000d9680000)
  from space 5120K, 0% used [0x00000000d9680000,0x00000000d9680000,0x00000000d9b80000)
  to   space 5120K, 0% used [0x00000000d9b80000,0x00000000d9b80000,0x00000000da080000)
 ParOldGen       total 54272K, used 18589K [0x0000000080000000, 0x0000000083500000, 0x00000000d5580000)
  object space 54272K, 34% used [0x0000000080000000,0x0000000081227538,0x0000000083500000)
 Metaspace       used 41355K, capacity 42918K, committed 43608K, reserved 1101824K
  class space    used 5732K, capacity 6064K, committed 6232K, reserved 1048576K

Card table byte_map: [0x0000000012c30000,0x0000000013040000] byte_map_base: 0x0000000012830000

Marking Bits: (ParMarkBitMap*) 0x0000000074f5b6d0
 Begin Bits: [0x00000000136f0000, 0x00000000156f0000)
 End Bits:   [0x00000000156f0000, 0x00000000176f0000)

Polling page: 0x00000000035a0000

CodeCache: size=245760Kb used=7251Kb max_used=7251Kb free=238508Kb
 bounds [0x0000000003870000, 0x0000000003f90000, 0x0000000012870000]
 total_blobs=3915 nmethods=3432 adapters=394
 compilation: enabled

Compilation events (10 events):
Event: 6.365 Thread 0x000000001849d000 3437       1       org.hibernate.service.spi.ServiceBinding::getService (5 bytes)
Event: 6.365 Thread 0x000000001849d000 nmethod 3437 0x0000000003f83e90 code [0x0000000003f83fe0, 0x0000000003f840f0]
Event: 6.373 Thread 0x000000001849d000 3438       1       java.util.regex.Pattern::append (39 bytes)
Event: 6.373 Thread 0x000000001849d000 nmethod 3438 0x0000000003f84150 code [0x0000000003f842c0, 0x0000000003f84568]
Event: 6.655 Thread 0x000000001849d000 3439       1       java.util.ResourceBundle::access$200 (4 bytes)
Event: 6.655 Thread 0x000000001849d000 nmethod 3439 0x0000000003f84690 code [0x0000000003f847e0, 0x0000000003f848d0]
Event: 6.655 Thread 0x000000001849d000 3440       1       java.util.ResourceBundle$LoaderReference::<init> (12 bytes)
Event: 6.655 Thread 0x000000001849d000 nmethod 3440 0x0000000003f84910 code [0x0000000003f84a60, 0x0000000003f84bd0]
Event: 6.658 Thread 0x000000001849d000 3441   !   1       java.net.AbstractPlainSocketImpl::acquireFD (29 bytes)
Event: 6.658 Thread 0x000000001849d000 nmethod 3441 0x0000000003f84c50 code [0x0000000003f84da0, 0x0000000003f85050]

GC Heap History (10 events):
Event: 6.429 GC heap before
{Heap before GC invocations=27 (full 10):
 PSYoungGen      total 71680K, used 0K [0x00000000d5580000, 0x00000000da080000, 0x0000000100000000)
  eden space 66560K, 0% used [0x00000000d5580000,0x00000000d5580000,0x00000000d9680000)
  from space 5120K, 0% used [0x00000000d9680000,0x00000000d9680000,0x00000000d9b80000)
  to   space 5120K, 0% used [0x00000000d9b80000,0x00000000d9b80000,0x00000000da080000)
 ParOldGen       total 54272K, used 18987K [0x0000000080000000, 0x0000000083500000, 0x00000000d5580000)
  object space 54272K, 34% used [0x0000000080000000,0x000000008128ac58,0x0000000083500000)
 Metaspace       used 41355K, capacity 42928K, committed 43480K, reserved 1101824K
  class space    used 5727K, capacity 6035K, committed 6104K, reserved 1048576K
Event: 6.522 GC heap after
Heap after GC invocations=27 (full 10):
 PSYoungGen      total 71680K, used 0K [0x00000000d5580000, 0x00000000da080000, 0x0000000100000000)
  eden space 66560K, 0% used [0x00000000d5580000,0x00000000d5580000,0x00000000d9680000)
  from space 5120K, 0% used [0x00000000d9680000,0x00000000d9680000,0x00000000d9b80000)
  to   space 5120K, 0% used [0x00000000d9b80000,0x00000000d9b80000,0x00000000da080000)
 ParOldGen       total 54272K, used 18739K [0x0000000080000000, 0x0000000083500000, 0x00000000d5580000)
  object space 54272K, 34% used [0x0000000080000000,0x000000008124cd20,0x0000000083500000)
 Metaspace       used 41311K, capacity 42856K, committed 43480K, reserved 1101824K
  class space    used 5720K, capacity 6023K, committed 6104K, reserved 1048576K
}
Event: 6.531 GC heap before
{Heap before GC invocations=28 (full 10):
 PSYoungGen      total 71680K, used 32670K [0x00000000d5580000, 0x00000000da080000, 0x0000000100000000)
  eden space 66560K, 49% used [0x00000000d5580000,0x00000000d7567a00,0x00000000d9680000)
  from space 5120K, 0% used [0x00000000d9680000,0x00000000d9680000,0x00000000d9b80000)
  to   space 5120K, 0% used [0x00000000d9b80000,0x00000000d9b80000,0x00000000da080000)
 ParOldGen       total 54272K, used 18739K [0x0000000080000000, 0x0000000083500000, 0x00000000d5580000)
  object space 54272K, 34% used [0x0000000080000000,0x000000008124cd20,0x0000000083500000)
 Metaspace       used 41311K, capacity 42856K, committed 43480K, reserved 1101824K
  class space    used 5720K, capacity 6023K, committed 6104K, reserved 1048576K
Event: 6.534 GC heap after
Heap after GC invocations=28 (full 10):
 PSYoungGen      total 71680K, used 256K [0x00000000d5580000, 0x00000000da080000, 0x0000000100000000)
  eden space 66560K, 0% used [0x00000000d5580000,0x00000000d5580000,0x00000000d9680000)
  from space 5120K, 5% used [0x00000000d9b80000,0x00000000d9bc0318,0x00000000da080000)
  to   space 5120K, 0% used [0x00000000d9680000,0x00000000d9680000,0x00000000d9b80000)
 ParOldGen       total 54272K, used 18739K [0x0000000080000000, 0x0000000083500000, 0x00000000d5580000)
  object space 54272K, 34% used [0x0000000080000000,0x000000008124cd20,0x0000000083500000)
 Metaspace       used 41311K, capacity 42856K, committed 43480K, reserved 1101824K
  class space    used 5720K, capacity 6023K, committed 6104K, reserved 1048576K
}
Event: 6.534 GC heap before
{Heap before GC invocations=29 (full 11):
 PSYoungGen      total 71680K, used 256K [0x00000000d5580000, 0x00000000da080000, 0x0000000100000000)
  eden space 66560K, 0% used [0x00000000d5580000,0x00000000d5580000,0x00000000d9680000)
  from space 5120K, 5% used [0x00000000d9b80000,0x00000000d9bc0318,0x00000000da080000)
  to   space 5120K, 0% used [0x00000000d9680000,0x00000000d9680000,0x00000000d9b80000)
 ParOldGen       total 54272K, used 18739K [0x0000000080000000, 0x0000000083500000, 0x00000000d5580000)
  object space 54272K, 34% used [0x0000000080000000,0x000000008124cd20,0x0000000083500000)
 Metaspace       used 41311K, capacity 42856K, committed 43480K, reserved 1101824K
  class space    used 5720K, capacity 6023K, committed 6104K, reserved 1048576K
Event: 6.574 GC heap after
Heap after GC invocations=29 (full 11):
 PSYoungGen      total 71680K, used 0K [0x00000000d5580000, 0x00000000da080000, 0x0000000100000000)
  eden space 66560K, 0% used [0x00000000d5580000,0x00000000d5580000,0x00000000d9680000)
  from space 5120K, 0% used [0x00000000d9b80000,0x00000000d9b80000,0x00000000da080000)
  to   space 5120K, 0% used [0x00000000d9680000,0x00000000d9680000,0x00000000d9b80000)
 ParOldGen       total 54272K, used 18754K [0x0000000080000000, 0x0000000083500000, 0x00000000d5580000)
  object space 54272K, 34% used [0x0000000080000000,0x0000000081250b88,0x0000000083500000)
 Metaspace       used 41311K, capacity 42856K, committed 43480K, reserved 1101824K
  class space    used 5720K, capacity 6023K, committed 6104K, reserved 1048576K
}
Event: 6.574 GC heap before
{Heap before GC invocations=30 (full 11):
 PSYoungGen      total 71680K, used 0K [0x00000000d5580000, 0x00000000da080000, 0x0000000100000000)
  eden space 66560K, 0% used [0x00000000d5580000,0x00000000d5580000,0x00000000d9680000)
  from space 5120K, 0% used [0x00000000d9b80000,0x00000000d9b80000,0x00000000da080000)
  to   space 5120K, 0% used [0x00000000d9680000,0x00000000d9680000,0x00000000d9b80000)
 ParOldGen       total 54272K, used 18754K [0x0000000080000000, 0x0000000083500000, 0x00000000d5580000)
  object space 54272K, 34% used [0x0000000080000000,0x0000000081250b88,0x0000000083500000)
 Metaspace       used 41311K, capacity 42856K, committed 43480K, reserved 1101824K
  class space    used 5720K, capacity 6023K, committed 6104K, reserved 1048576K
Event: 6.576 GC heap after
Heap after GC invocations=30 (full 11):
 PSYoungGen      total 71680K, used 0K [0x00000000d5580000, 0x00000000da080000, 0x0000000100000000)
  eden space 66560K, 0% used [0x00000000d5580000,0x00000000d5580000,0x00000000d9680000)
  from space 5120K, 0% used [0x00000000d9680000,0x00000000d9680000,0x00000000d9b80000)
  to   space 5120K, 0% used [0x00000000d9b80000,0x00000000d9b80000,0x00000000da080000)
 ParOldGen       total 54272K, used 18754K [0x0000000080000000, 0x0000000083500000, 0x00000000d5580000)
  object space 54272K, 34% used [0x0000000080000000,0x0000000081250b88,0x0000000083500000)
 Metaspace       used 41311K, capacity 42856K, committed 43480K, reserved 1101824K
  class space    used 5720K, capacity 6023K, committed 6104K, reserved 1048576K
}
Event: 6.576 GC heap before
{Heap before GC invocations=31 (full 12):
 PSYoungGen      total 71680K, used 0K [0x00000000d5580000, 0x00000000da080000, 0x0000000100000000)
  eden space 66560K, 0% used [0x00000000d5580000,0x00000000d5580000,0x00000000d9680000)
  from space 5120K, 0% used [0x00000000d9680000,0x00000000d9680000,0x00000000d9b80000)
  to   space 5120K, 0% used [0x00000000d9b80000,0x00000000d9b80000,0x00000000da080000)
 ParOldGen       total 54272K, used 18754K [0x0000000080000000, 0x0000000083500000, 0x00000000d5580000)
  object space 54272K, 34% used [0x0000000080000000,0x0000000081250b88,0x0000000083500000)
 Metaspace       used 41311K, capacity 42856K, committed 43480K, reserved 1101824K
  class space    used 5720K, capacity 6023K, committed 6104K, reserved 1048576K
Event: 6.638 GC heap after
Heap after GC invocations=31 (full 12):
 PSYoungGen      total 71680K, used 0K [0x00000000d5580000, 0x00000000da080000, 0x0000000100000000)
  eden space 66560K, 0% used [0x00000000d5580000,0x00000000d5580000,0x00000000d9680000)
  from space 5120K, 0% used [0x00000000d9680000,0x00000000d9680000,0x00000000d9b80000)
  to   space 5120K, 0% used [0x00000000d9b80000,0x00000000d9b80000,0x00000000da080000)
 ParOldGen       total 54272K, used 18589K [0x0000000080000000, 0x0000000083500000, 0x00000000d5580000)
  object space 54272K, 34% used [0x0000000080000000,0x0000000081227538,0x0000000083500000)
 Metaspace       used 41311K, capacity 42856K, committed 43480K, reserved 1101824K
  class space    used 5720K, capacity 6023K, committed 6104K, reserved 1048576K
}

Deoptimization events (0 events):
No events

Internal exceptions (10 events):
Event: 5.204 Thread 0x000000001a5ad000 Exception <a 'java/lang/reflect/InvocationTargetException'> (0x00000000d673f148) thrown at [C:\re\workspace\8-2-build-windows-amd64-cygwin\jdk8u121\8372\hotspot\src\share\vm\runtime\reflection.cpp, line 1092]
Event: 5.707 Thread 0x000000001a5ad000 Exception <a 'java/lang/reflect/InvocationTargetException'> (0x00000000d6743808) thrown at [C:\re\workspace\8-2-build-windows-amd64-cygwin\jdk8u121\8372\hotspot\src\share\vm\runtime\reflection.cpp, line 1092]
Event: 6.084 Thread 0x0000000003775800 Exception <a 'java/lang/ArrayIndexOutOfBoundsException'> (0x00000000d7650308) thrown at [C:\re\workspace\8-2-build-windows-amd64-cygwin\jdk8u121\8372\hotspot\src\share\vm\runtime\sharedRuntime.cpp, line 605]
Event: 6.092 Thread 0x0000000003775800 Exception <a 'java/lang/ArrayIndexOutOfBoundsException'> (0x00000000d7709af0) thrown at [C:\re\workspace\8-2-build-windows-amd64-cygwin\jdk8u121\8372\hotspot\src\share\vm\runtime\sharedRuntime.cpp, line 605]
Event: 6.092 Thread 0x0000000003775800 Exception <a 'java/lang/ArrayIndexOutOfBoundsException'> (0x00000000d770ba90) thrown at [C:\re\workspace\8-2-build-windows-amd64-cygwin\jdk8u121\8372\hotspot\src\share\vm\runtime\sharedRuntime.cpp, line 605]
Event: 6.341 Thread 0x000000001a5ad000 Exception <a 'java/lang/reflect/InvocationTargetException'> (0x00000000d5588cd8) thrown at [C:\re\workspace\8-2-build-windows-amd64-cygwin\jdk8u121\8372\hotspot\src\share\vm\runtime\reflection.cpp, line 1092]
Event: 6.343 Thread 0x000000001a5ad000 Exception <a 'java/lang/NoSuchMethodError': <clinit>> (0x00000000d5e11a00) thrown at [C:\re\workspace\8-2-build-windows-amd64-cygwin\jdk8u121\8372\hotspot\src\share\vm\prims\jni.cpp, line 1613]
Event: 6.522 Thread 0x0000000003775800 Exception <a 'java/lang/OutOfMemoryError'> (0x000000008025d868) thrown at [C:\re\workspace\8-2-build-windows-amd64-cygwin\jdk8u121\8372\hotspot\src\share\vm\memory\metaspace.cpp, line 3569]
Event: 6.522 Thread 0x0000000003775800 Exception <a 'java/lang/OutOfMemoryError'> (0x000000008025d868) thrown at [C:\re\workspace\8-2-build-windows-amd64-cygwin\jdk8u121\8372\hotspot\src\share\vm\prims\jvm.cpp, line 1394]
Event: 6.522 Thread 0x0000000003775800 Exception <a 'java/lang/reflect/InvocationTargetException'> (0x00000000d5580000) thrown at [C:\re\workspace\8-2-build-windows-amd64-cygwin\jdk8u121\8372\hotspot\src\share\vm\runtime\reflection.cpp, line 1092]

Events (10 events):
Event: 6.657 Executing VM operation: RevokeBias
Event: 6.657 Executing VM operation: RevokeBias done
Event: 6.658 Thread 0x000000001c90f000 Thread exited: 0x000000001c90f000
Event: 6.658 loading class com/zaxxer/hikari/util/ConcurrentBag$IConcurrentBagEntry
Event: 6.658 loading class com/zaxxer/hikari/util/ConcurrentBag$IConcurrentBagEntry done
Event: 6.658 loading class com/zaxxer/hikari/util/ConcurrentBag$IConcurrentBagEntry
Event: 6.658 loading class com/zaxxer/hikari/util/ConcurrentBag$IConcurrentBagEntry done
Event: 6.658 Thread 0x000000001a3cd800 Thread exited: 0x000000001a3cd800
Event: 6.659 loading class com/mysql/cj/log/ProfilerEventHandlerFactory
Event: 6.659 loading class com/mysql/cj/log/ProfilerEventHandlerFactory done


Dynamic libraries:
0x00007ff7355f0000 - 0x00007ff735627000 	C:\Program Files\Java\jre1.8.0_121\bin\javaw.exe
0x00007ffb92ad0000 - 0x00007ffb92cb1000 	C:\WINDOWS\SYSTEM32\ntdll.dll
0x00007ffb90b40000 - 0x00007ffb90bf2000 	C:\WINDOWS\System32\KERNEL32.DLL
0x00007ffb8ef20000 - 0x00007ffb8f193000 	C:\WINDOWS\System32\KERNELBASE.dll
0x00007ffb900e0000 - 0x00007ffb90181000 	C:\WINDOWS\System32\ADVAPI32.dll
0x00007ffb90a20000 - 0x00007ffb90abe000 	C:\WINDOWS\System32\msvcrt.dll
0x00007ffb90690000 - 0x00007ffb906eb000 	C:\WINDOWS\System32\sechost.dll
0x00007ffb90560000 - 0x00007ffb90684000 	C:\WINDOWS\System32\RPCRT4.dll
0x00007ffb903d0000 - 0x00007ffb90560000 	C:\WINDOWS\System32\USER32.dll
0x00007ffb8fb00000 - 0x00007ffb8fb20000 	C:\WINDOWS\System32\win32u.dll
0x00007ffb8ff60000 - 0x00007ffb8ff88000 	C:\WINDOWS\System32\GDI32.dll
0x00007ffb8f960000 - 0x00007ffb8faf2000 	C:\WINDOWS\System32\gdi32full.dll
0x00007ffb8fb20000 - 0x00007ffb8fbbf000 	C:\WINDOWS\System32\msvcp_win.dll
0x00007ffb8fbc0000 - 0x00007ffb8fcba000 	C:\WINDOWS\System32\ucrtbase.dll
0x00007ffb8d070000 - 0x00007ffb8d2d9000 	C:\WINDOWS\WinSxS\amd64_microsoft.windows.common-controls_6595b64144ccf1df_6.0.17134.228_none_fb4599993062b194\COMCTL32.dll
0x00007ffb906f0000 - 0x00007ffb90a13000 	C:\WINDOWS\System32\combase.dll
0x00007ffb8eea0000 - 0x00007ffb8ef1a000 	C:\WINDOWS\System32\bcryptPrimitives.dll
0x00007ffb901a0000 - 0x00007ffb901cd000 	C:\WINDOWS\System32\IMM32.DLL
0x00007ffb8ebe0000 - 0x00007ffb8ec3d000 	C:\Program Files\Citrix\System32\MfApHook64.dll
0x00007ffb8eb60000 - 0x00007ffb8eb8b000 	C:\Program Files\Citrix\ICAService\CtxDodHook64.dll
0x00007ffb8eb20000 - 0x00007ffb8eb52000 	C:\Program Files\Citrix\ICAService\picaFullScreenHookX64.dll
0x00007ffb8ead0000 - 0x00007ffb8eb1e000 	C:\Program Files\Citrix\ICAService\ShellHook64.dll
0x00007ffb90c00000 - 0x00007ffb92040000 	C:\WINDOWS\System32\SHELL32.dll
0x00007ffb8f910000 - 0x00007ffb8f959000 	C:\WINDOWS\System32\cfgmgr32.dll
0x00007ffb92260000 - 0x00007ffb92309000 	C:\WINDOWS\System32\shcore.dll
0x00007ffb8f1a0000 - 0x00007ffb8f8ad000 	C:\WINDOWS\System32\windows.storage.dll
0x00007ffb901d0000 - 0x00007ffb90221000 	C:\WINDOWS\System32\shlwapi.dll
0x00007ffb8ee60000 - 0x00007ffb8ee71000 	C:\WINDOWS\System32\kernel.appcore.dll
0x00007ffb8edf0000 - 0x00007ffb8ee0f000 	C:\WINDOWS\System32\profapi.dll
0x00007ffb8ee10000 - 0x00007ffb8ee5c000 	C:\WINDOWS\System32\powrprof.dll
0x00007ffb8ede0000 - 0x00007ffb8edea000 	C:\WINDOWS\System32\FLTLIB.DLL
0x00007ffb8e3e0000 - 0x00007ffb8e55c000 	C:\Program Files\Citrix\ICAService\SCardHook64.dll
0x00007ffb8e3b0000 - 0x00007ffb8e3da000 	C:\Program Files\Citrix\ICAService\cxinjime64.dll
0x00007ffb8e2f0000 - 0x00007ffb8e338000 	C:\Program Files\Citrix\ICAService\PicaWtsHook64.dll
0x0000000074310000 - 0x00000000743e2000 	C:\Program Files\Java\jre1.8.0_121\bin\msvcr100.dll
0x0000000074740000 - 0x0000000074fdb000 	C:\Program Files\Java\jre1.8.0_121\bin\server\jvm.dll
0x00007ffb923b0000 - 0x00007ffb923b8000 	C:\WINDOWS\System32\PSAPI.DLL
0x00007ffb89230000 - 0x00007ffb89253000 	C:\WINDOWS\SYSTEM32\WINMM.dll
0x00007ffb7ceb0000 - 0x00007ffb7ceb9000 	C:\WINDOWS\SYSTEM32\WSOCK32.dll
0x00007ffb89170000 - 0x00007ffb8919a000 	C:\WINDOWS\SYSTEM32\WINMMBASE.dll
0x00007ffb90ac0000 - 0x00007ffb90b2c000 	C:\WINDOWS\System32\WS2_32.dll
0x00007ffb8e5b0000 - 0x00007ffb8e5ba000 	C:\WINDOWS\SYSTEM32\VERSION.dll
0x0000000075a30000 - 0x0000000075a3f000 	C:\Program Files\Java\jre1.8.0_121\bin\verify.dll
0x0000000075a00000 - 0x0000000075a29000 	C:\Program Files\Java\jre1.8.0_121\bin\java.dll
0x00000000758d0000 - 0x00000000758e6000 	C:\Program Files\Java\jre1.8.0_121\bin\zip.dll
0x0000000075850000 - 0x000000007585d000 	C:\Program Files\Java\jre1.8.0_121\bin\management.dll
0x00000000758b0000 - 0x00000000758ca000 	C:\Program Files\Java\jre1.8.0_121\bin\net.dll
0x00007ffb8dad0000 - 0x00007ffb8db36000 	C:\WINDOWS\system32\mswsock.dll
0x0000000075890000 - 0x00000000758a1000 	C:\Program Files\Java\jre1.8.0_121\bin\nio.dll
0x00007ffb85da0000 - 0x00007ffb85db6000 	C:\WINDOWS\system32\napinsp.dll
0x00007ffb85d80000 - 0x00007ffb85d9a000 	C:\WINDOWS\system32\pnrpnsp.dll
0x00007ffb8a7e0000 - 0x00007ffb8a7f9000 	C:\WINDOWS\system32\NLAapi.dll
0x00007ffb8d890000 - 0x00007ffb8d94e000 	C:\WINDOWS\SYSTEM32\DNSAPI.dll
0x00007ffb90b30000 - 0x00007ffb90b38000 	C:\WINDOWS\System32\NSI.dll
0x00007ffb8d850000 - 0x00007ffb8d888000 	C:\WINDOWS\SYSTEM32\IPHLPAPI.DLL
0x00007ffb85dc0000 - 0x00007ffb85dce000 	C:\WINDOWS\System32\winrnr.dll
0x00007ffb85e50000 - 0x00007ffb85e5a000 	C:\Windows\System32\rasadhlp.dll
0x00007ffb87a70000 - 0x00007ffb87ae2000 	C:\WINDOWS\System32\fwpuclnt.dll
0x00007ffb8e580000 - 0x00007ffb8e5a5000 	C:\WINDOWS\SYSTEM32\bcrypt.dll
0x00007ffb8dcf0000 - 0x00007ffb8dd07000 	C:\WINDOWS\SYSTEM32\CRYPTSP.dll
0x00007ffb8d6b0000 - 0x00007ffb8d6e3000 	C:\WINDOWS\system32\rsaenh.dll
0x00007ffb8ed10000 - 0x00007ffb8ed38000 	C:\WINDOWS\SYSTEM32\USERENV.dll
0x00007ffb8dce0000 - 0x00007ffb8dceb000 	C:\WINDOWS\SYSTEM32\CRYPTBASE.dll
0x00007ffb87a50000 - 0x00007ffb87a66000 	C:\WINDOWS\SYSTEM32\dhcpcsvc6.DLL
0x00007ffb87a30000 - 0x00007ffb87a4a000 	C:\WINDOWS\SYSTEM32\dhcpcsvc.DLL

VM Arguments:
jvm_args: -Dcom.sun.management.jmxremote -Dcom.sun.management.jmxremote.port=59512 -Dcom.sun.management.jmxremote.authenticate=false -Dcom.sun.management.jmxremote.ssl=false -Djava.rmi.server.hostname=localhost -Dspring.liveBeansView.mbeanDomain -Dspring.application.admin.enabled=true -Xverify:none -XX:TieredStopAtLevel=1 -Dfile.encoding=UTF-8 
java_command: com.cg.app.transactionservice.TransactionserviceApplication --spring.output.ansi.enabled=always
java_class_path (initial): C:\mmbank\transactionservice\transactionservice\target\classes;C:\Users\mrnimmal\.m2\repository\org\springframework\boot\spring-boot-starter-data-jpa\2.1.2.RELEASE\spring-boot-starter-data-jpa-2.1.2.RELEASE.jar;C:\Users\mrnimmal\.m2\repository\org\springframework\boot\spring-boot-starter-aop\2.1.2.RELEASE\spring-boot-starter-aop-2.1.2.RELEASE.jar;C:\Users\mrnimmal\.m2\repository\org\springframework\spring-aop\5.1.4.RELEASE\spring-aop-5.1.4.RELEASE.jar;C:\Users\mrnimmal\.m2\repository\org\aspectj\aspectjweaver\1.9.2\aspectjweaver-1.9.2.jar;C:\Users\mrnimmal\.m2\repository\org\springframework\boot\spring-boot-starter-jdbc\2.1.2.RELEASE\spring-boot-starter-jdbc-2.1.2.RELEASE.jar;C:\Users\mrnimmal\.m2\repository\com\zaxxer\HikariCP\3.2.0\HikariCP-3.2.0.jar;C:\Users\mrnimmal\.m2\repository\org\springframework\spring-jdbc\5.1.4.RELEASE\spring-jdbc-5.1.4.RELEASE.jar;C:\Users\mrnimmal\.m2\repository\javax\transaction\javax.transaction-api\1.3\javax.transaction-api-1.3.jar;C:\Users\mrnimmal\.m2\repository\javax\xml\bind\jaxb-api\2.3.1\jaxb-api-2.3.1.jar;C:\Users\mrnimmal\.m2\repository\javax\activation\javax.activation-api\1.2.0\javax.activation-api-1.2.0.jar;C:\Users\mrnimmal\.m2\repository\org\hibernate\hibernate-core\5.3.7.Final\hibernate-core-5.3.7.Final.jar;C:\Users\mrnimmal\.m2\repository\org\jboss\logging\jboss-logging\3.3.2.Final\jboss-logging-3.3.2.Final.jar;C:\Users\mrnimmal\.m2\repository\javax\persistence\javax.persistence-api\2.2\javax.persistence-api-2.2.jar;C:\Users\mrnimmal\.m2\repository\org\javassist\javassist\3.23.1-GA\javassist-3.23.1-GA.jar;C:\Users\mrnimmal\.m2\repository\net\bytebuddy\byte-buddy\1.9.7\byte-buddy-1.9.7.jar;C:\Users\mrnimmal\.m2\repository\antlr\antlr\2.7.7\antlr-2.7.7.jar;C:\Users\mrnimmal\.m2\repository\org\jboss\jandex\2.0.5.Final\jandex-2.0.5.Final.jar;C:\Users\mrnimmal\.m2\repository\com\fasterxml\classmate\1.4.0\classmate-1.4.0.jar;C:\Users\mrnimmal\.m2\repository\org\dom4j\dom4j\2.1.1\dom4j-2.1.1.jar;C
Launcher Type: SUN_STANDARD

Environment Variables:
PATH=C:/Program Files/Java/jre1.8.0_121/bin/server;C:/Program Files/Java/jre1.8.0_121/bin;C:/Program Files/Java/jre1.8.0_121/lib/amd64;C:\Python34\;C:\Python34\Scripts;C:\oraclexe\app\oracle\product\11.2.0\server\bin;C:\ProgramData\Oracle\Java\javapath;C:\WINDOWS\system32;C:\WINDOWS;C:\WINDOWS\System32\Wbem;C:\WINDOWS\System32\WindowsPowerShell\v1.0\;C:\Program Files\TortoiseSVN\bin;C:\Program Files\nodejs\;C:\Program Files\Git\cmd;C:\Program Files (x86)\Microsoft SQL Server\110\Tools\Binn\ManagementStudio\;C:\Program Files (x86)\Microsoft SQL Server\110\Tools\Binn\;C:\Program Files (x86)\Microsoft SQL Server\110\DTS\Binn\;C:\Program Files\Citrix\System32\;C:\Program Files\Citrix\ICAService\;C:\WINDOWS\System32\OpenSSH\;C:\Users\mrnimmal\AppData\Local\Microsoft\WindowsApps;;C:\SpringProjects\sts-bundle\sts-3.9.7.RELEASE;
USERNAME=mrnimmal
OS=Windows_NT
PROCESSOR_IDENTIFIER=Intel64 Family 15 Model 6 Stepping 1, GenuineIntel



---------------  S Y S T E M  ---------------

OS: Windows 10.0 , 64 bit Build 17134 (10.0.17134.1)

CPU:total 4 (2 cores per cpu, 1 threads per core) family 15 model 6 stepping 1, cmov, cx8, fxsr, mmx, sse, sse2, sse3, ssse3, sse4.1, sse4.2, popcnt, avx, avx2, aes, clmul, erms, rtm, 3dnowpref, lzcnt, tsc, bmi1, bmi2, adx

Memory: 4k page, physical 8388056k(1102124k free), swap 18697820k(284k free)

vm_info: Java HotSpot(TM) 64-Bit Server VM (25.121-b13) for windows-amd64 JRE (1.8.0_121-b13), built on Dec 12 2016 18:21:36 by "java_re" with MS VC++ 10.0 (VS2010)

time: Sat Jan 19 12:26:37 2019
elapsed time: 6 seconds (0d 0h 0m 6s)

